running egg_info
creating ../build/robot_controller_sept_3_dk/robot_controller_sept_3_dk.egg-info
writing ../build/robot_controller_sept_3_dk/robot_controller_sept_3_dk.egg-info/PKG-INFO
writing dependency_links to ../build/robot_controller_sept_3_dk/robot_controller_sept_3_dk.egg-info/dependency_links.txt
writing entry points to ../build/robot_controller_sept_3_dk/robot_controller_sept_3_dk.egg-info/entry_points.txt
writing requirements to ../build/robot_controller_sept_3_dk/robot_controller_sept_3_dk.egg-info/requires.txt
writing top-level names to ../build/robot_controller_sept_3_dk/robot_controller_sept_3_dk.egg-info/top_level.txt
writing manifest file '../build/robot_controller_sept_3_dk/robot_controller_sept_3_dk.egg-info/SOURCES.txt'
reading manifest file '../build/robot_controller_sept_3_dk/robot_controller_sept_3_dk.egg-info/SOURCES.txt'
writing manifest file '../build/robot_controller_sept_3_dk/robot_controller_sept_3_dk.egg-info/SOURCES.txt'
running build
running build_py
creating /home/admin-7/batch2/ros2_ws/src/build/robot_controller_sept_3_dk/build
creating /home/admin-7/batch2/ros2_ws/src/build/robot_controller_sept_3_dk/build/lib
creating /home/admin-7/batch2/ros2_ws/src/build/robot_controller_sept_3_dk/build/lib/robot_controller_sept_3_dk
copying robot_controller_sept_3_dk/my_first_node.py -> /home/admin-7/batch2/ros2_ws/src/build/robot_controller_sept_3_dk/build/lib/robot_controller_sept_3_dk
copying robot_controller_sept_3_dk/__init__.py -> /home/admin-7/batch2/ros2_ws/src/build/robot_controller_sept_3_dk/build/lib/robot_controller_sept_3_dk
running install
running install_lib
creating /home/admin-7/batch2/ros2_ws/src/install/robot_controller_sept_3_dk/lib/python3.10/site-packages/robot_controller_sept_3_dk
copying /home/admin-7/batch2/ros2_ws/src/build/robot_controller_sept_3_dk/build/lib/robot_controller_sept_3_dk/my_first_node.py -> /home/admin-7/batch2/ros2_ws/src/install/robot_controller_sept_3_dk/lib/python3.10/site-packages/robot_controller_sept_3_dk
copying /home/admin-7/batch2/ros2_ws/src/build/robot_controller_sept_3_dk/build/lib/robot_controller_sept_3_dk/__init__.py -> /home/admin-7/batch2/ros2_ws/src/install/robot_controller_sept_3_dk/lib/python3.10/site-packages/robot_controller_sept_3_dk
byte-compiling /home/admin-7/batch2/ros2_ws/src/install/robot_controller_sept_3_dk/lib/python3.10/site-packages/robot_controller_sept_3_dk/my_first_node.py to my_first_node.cpython-310.pyc
byte-compiling /home/admin-7/batch2/ros2_ws/src/install/robot_controller_sept_3_dk/lib/python3.10/site-packages/robot_controller_sept_3_dk/__init__.py to __init__.cpython-310.pyc
running install_data
creating /home/admin-7/batch2/ros2_ws/src/install/robot_controller_sept_3_dk/share/ament_index
creating /home/admin-7/batch2/ros2_ws/src/install/robot_controller_sept_3_dk/share/ament_index/resource_index
creating /home/admin-7/batch2/ros2_ws/src/install/robot_controller_sept_3_dk/share/ament_index/resource_index/packages
copying resource/robot_controller_sept_3_dk -> /home/admin-7/batch2/ros2_ws/src/install/robot_controller_sept_3_dk/share/ament_index/resource_index/packages
copying package.xml -> /home/admin-7/batch2/ros2_ws/src/install/robot_controller_sept_3_dk/share/robot_controller_sept_3_dk
running install_egg_info
Copying ../build/robot_controller_sept_3_dk/robot_controller_sept_3_dk.egg-info to /home/admin-7/batch2/ros2_ws/src/install/robot_controller_sept_3_dk/lib/python3.10/site-packages/robot_controller_sept_3_dk-0.0.0-py3.10.egg-info
running install_scripts
Installing Test_node script to /home/admin-7/batch2/ros2_ws/src/install/robot_controller_sept_3_dk/lib/robot_controller_sept_3_dk
writing list of installed files to '/home/admin-7/batch2/ros2_ws/src/build/robot_controller_sept_3_dk/install.log'
