[0.551s] Invoking command in '/home/admin-7/batch2/ros2_ws/src/robot_controller_sept_3_dk': PYTHONPATH=/home/admin-7/batch2/ros2_ws/src/build/robot_controller_sept_3_dk/prefix_override:/usr/lib/python3/dist-packages/colcon_core/task/python/colcon_distutils_commands:/home/admin-7/batch2/ros2_ws/src/install/robot_controller_sept_3_dk/lib/python3.10/site-packages:${PYTHONPATH} /usr/bin/python3 -W ignore:setup.py install is deprecated -W ignore:easy_install command is deprecated setup.py egg_info --egg-base ../build/robot_controller_sept_3_dk build --build-base /home/admin-7/batch2/ros2_ws/src/build/robot_controller_sept_3_dk/build install --record /home/admin-7/batch2/ros2_ws/src/build/robot_controller_sept_3_dk/install.log --single-version-externally-managed install_data
[0.768s] running egg_info
[0.769s] creating ../build/robot_controller_sept_3_dk/robot_controller_sept_3_dk.egg-info
[0.769s] writing ../build/robot_controller_sept_3_dk/robot_controller_sept_3_dk.egg-info/PKG-INFO
[0.769s] writing dependency_links to ../build/robot_controller_sept_3_dk/robot_controller_sept_3_dk.egg-info/dependency_links.txt
[0.770s] writing entry points to ../build/robot_controller_sept_3_dk/robot_controller_sept_3_dk.egg-info/entry_points.txt
[0.770s] writing requirements to ../build/robot_controller_sept_3_dk/robot_controller_sept_3_dk.egg-info/requires.txt
[0.770s] writing top-level names to ../build/robot_controller_sept_3_dk/robot_controller_sept_3_dk.egg-info/top_level.txt
[0.770s] writing manifest file '../build/robot_controller_sept_3_dk/robot_controller_sept_3_dk.egg-info/SOURCES.txt'
[0.771s] reading manifest file '../build/robot_controller_sept_3_dk/robot_controller_sept_3_dk.egg-info/SOURCES.txt'
[0.772s] writing manifest file '../build/robot_controller_sept_3_dk/robot_controller_sept_3_dk.egg-info/SOURCES.txt'
[0.772s] running build
[0.772s] running build_py
[0.773s] creating /home/admin-7/batch2/ros2_ws/src/build/robot_controller_sept_3_dk/build
[0.773s] creating /home/admin-7/batch2/ros2_ws/src/build/robot_controller_sept_3_dk/build/lib
[0.773s] creating /home/admin-7/batch2/ros2_ws/src/build/robot_controller_sept_3_dk/build/lib/robot_controller_sept_3_dk
[0.773s] copying robot_controller_sept_3_dk/my_first_node.py -> /home/admin-7/batch2/ros2_ws/src/build/robot_controller_sept_3_dk/build/lib/robot_controller_sept_3_dk
[0.773s] copying robot_controller_sept_3_dk/__init__.py -> /home/admin-7/batch2/ros2_ws/src/build/robot_controller_sept_3_dk/build/lib/robot_controller_sept_3_dk
[0.773s] running install
[0.773s] running install_lib
[0.774s] creating /home/admin-7/batch2/ros2_ws/src/install/robot_controller_sept_3_dk/lib/python3.10/site-packages/robot_controller_sept_3_dk
[0.774s] copying /home/admin-7/batch2/ros2_ws/src/build/robot_controller_sept_3_dk/build/lib/robot_controller_sept_3_dk/my_first_node.py -> /home/admin-7/batch2/ros2_ws/src/install/robot_controller_sept_3_dk/lib/python3.10/site-packages/robot_controller_sept_3_dk
[0.774s] copying /home/admin-7/batch2/ros2_ws/src/build/robot_controller_sept_3_dk/build/lib/robot_controller_sept_3_dk/__init__.py -> /home/admin-7/batch2/ros2_ws/src/install/robot_controller_sept_3_dk/lib/python3.10/site-packages/robot_controller_sept_3_dk
[0.775s] byte-compiling /home/admin-7/batch2/ros2_ws/src/install/robot_controller_sept_3_dk/lib/python3.10/site-packages/robot_controller_sept_3_dk/my_first_node.py to my_first_node.cpython-310.pyc
[0.775s] byte-compiling /home/admin-7/batch2/ros2_ws/src/install/robot_controller_sept_3_dk/lib/python3.10/site-packages/robot_controller_sept_3_dk/__init__.py to __init__.cpython-310.pyc
[0.775s] running install_data
[0.775s] creating /home/admin-7/batch2/ros2_ws/src/install/robot_controller_sept_3_dk/share/ament_index
[0.776s] creating /home/admin-7/batch2/ros2_ws/src/install/robot_controller_sept_3_dk/share/ament_index/resource_index
[0.776s] creating /home/admin-7/batch2/ros2_ws/src/install/robot_controller_sept_3_dk/share/ament_index/resource_index/packages
[0.776s] copying resource/robot_controller_sept_3_dk -> /home/admin-7/batch2/ros2_ws/src/install/robot_controller_sept_3_dk/share/ament_index/resource_index/packages
[0.776s] copying package.xml -> /home/admin-7/batch2/ros2_ws/src/install/robot_controller_sept_3_dk/share/robot_controller_sept_3_dk
[0.776s] running install_egg_info
[0.777s] Copying ../build/robot_controller_sept_3_dk/robot_controller_sept_3_dk.egg-info to /home/admin-7/batch2/ros2_ws/src/install/robot_controller_sept_3_dk/lib/python3.10/site-packages/robot_controller_sept_3_dk-0.0.0-py3.10.egg-info
[0.778s] running install_scripts
[0.798s] Installing Test_node script to /home/admin-7/batch2/ros2_ws/src/install/robot_controller_sept_3_dk/lib/robot_controller_sept_3_dk
[0.798s] writing list of installed files to '/home/admin-7/batch2/ros2_ws/src/build/robot_controller_sept_3_dk/install.log'
[0.825s] Invoked command in '/home/admin-7/batch2/ros2_ws/src/robot_controller_sept_3_dk' returned '0': PYTHONPATH=/home/admin-7/batch2/ros2_ws/src/build/robot_controller_sept_3_dk/prefix_override:/usr/lib/python3/dist-packages/colcon_core/task/python/colcon_distutils_commands:/home/admin-7/batch2/ros2_ws/src/install/robot_controller_sept_3_dk/lib/python3.10/site-packages:${PYTHONPATH} /usr/bin/python3 -W ignore:setup.py install is deprecated -W ignore:easy_install command is deprecated setup.py egg_info --egg-base ../build/robot_controller_sept_3_dk build --build-base /home/admin-7/batch2/ros2_ws/src/build/robot_controller_sept_3_dk/build install --record /home/admin-7/batch2/ros2_ws/src/build/robot_controller_sept_3_dk/install.log --single-version-externally-managed install_data
