[0.136s] DEBUG:colcon:Command line arguments: ['/usr/bin/colcon', 'list', '-p', '--base-paths', '/home/admin-7/batch2/ros2_ws/src', '--log-base', '/dev/null']
[0.136s] DEBUG:colcon:Parsed command line arguments: Namespace(log_base=None, log_level=None, verb_name='list', build_base='build', ignore_user_meta=False, metas=['./colcon.meta'], base_paths=['/home/admin-7/batch2/ros2_ws/src', '--log-base', '/dev/null'], packages_ignore=None, packages_ignore_regex=None, paths=None, packages_up_to=None, packages_up_to_regex=None, packages_above=None, packages_above_and_dependencies=None, packages_above_depth=None, packages_select_by_dep=None, packages_skip_by_dep=None, packages_skip_up_to=None, packages_select_build_failed=False, packages_skip_build_finished=False, packages_select_test_failures=False, packages_skip_test_passed=False, packages_select=None, packages_skip=None, packages_select_regex=None, packages_skip_regex=None, packages_start=None, packages_end=None, allow_overriding=[], topological_order=False, names_only=False, paths_only=True, topological_graph=False, topological_graph_dot=False, topological_graph_density=False, topological_graph_legend=False, topological_graph_dot_cluster=False, topological_graph_dot_include_skipped=False, verb_parser=<colcon_defaults.argument_parser.defaults.DefaultArgumentsDecorator object at 0x79d0c9c3bd60>, verb_extension=<colcon_package_information.verb.list.ListVerb object at 0x79d0c9c3ad70>, main=<bound method ListVerb.main of <colcon_package_information.verb.list.ListVerb object at 0x79d0c9c3ad70>>)
[0.382s] Level 1:colcon.colcon_core.package_discovery:discover_packages(colcon_meta) check parameters
[0.382s] Level 1:colcon.colcon_core.package_discovery:discover_packages(recursive) check parameters
[0.382s] Level 1:colcon.colcon_core.package_discovery:discover_packages(ignore) check parameters
[0.382s] Level 1:colcon.colcon_core.package_discovery:discover_packages(path) check parameters
[0.382s] Level 1:colcon.colcon_core.package_discovery:discover_packages(recursive) discover
[0.382s] INFO:colcon.colcon_core.package_discovery:Crawling recursively for packages in '/home/admin-7/batch2/ros2_ws/src', '/home/admin-7/batch2/ros2_ws/src/--log-base', '/dev/null'
[0.382s] Level 1:colcon.colcon_core.package_identification:_identify(/home/admin-7/batch2/ros2_ws/src) by extensions ['ignore', 'ignore_ament_install']
[0.383s] Level 1:colcon.colcon_core.package_identification:_identify(/home/admin-7/batch2/ros2_ws/src) by extension 'ignore'
[0.383s] Level 1:colcon.colcon_core.package_identification:_identify(/home/admin-7/batch2/ros2_ws/src) by extension 'ignore_ament_install'
[0.383s] Level 1:colcon.colcon_core.package_identification:_identify(/home/admin-7/batch2/ros2_ws/src) by extensions ['colcon_pkg']
[0.383s] Level 1:colcon.colcon_core.package_identification:_identify(/home/admin-7/batch2/ros2_ws/src) by extension 'colcon_pkg'
[0.383s] Level 1:colcon.colcon_core.package_identification:_identify(/home/admin-7/batch2/ros2_ws/src) by extensions ['colcon_meta']
[0.383s] Level 1:colcon.colcon_core.package_identification:_identify(/home/admin-7/batch2/ros2_ws/src) by extension 'colcon_meta'
[0.383s] Level 1:colcon.colcon_core.package_identification:_identify(/home/admin-7/batch2/ros2_ws/src) by extensions ['ros']
[0.383s] Level 1:colcon.colcon_core.package_identification:_identify(/home/admin-7/batch2/ros2_ws/src) by extension 'ros'
[0.399s] Level 1:colcon.colcon_core.package_identification:_identify(/home/admin-7/batch2/ros2_ws/src) by extensions ['cmake', 'python']
[0.399s] Level 1:colcon.colcon_core.package_identification:_identify(/home/admin-7/batch2/ros2_ws/src) by extension 'cmake'
[0.399s] Level 1:colcon.colcon_core.package_identification:_identify(/home/admin-7/batch2/ros2_ws/src) by extension 'python'
[0.399s] Level 1:colcon.colcon_core.package_identification:_identify(/home/admin-7/batch2/ros2_ws/src) by extensions ['python_setup_py']
[0.399s] Level 1:colcon.colcon_core.package_identification:_identify(/home/admin-7/batch2/ros2_ws/src) by extension 'python_setup_py'
[0.399s] Level 1:colcon.colcon_core.package_identification:_identify(/home/admin-7/batch2/ros2_ws/src/build) by extensions ['ignore', 'ignore_ament_install']
[0.399s] Level 1:colcon.colcon_core.package_identification:_identify(/home/admin-7/batch2/ros2_ws/src/build) by extension 'ignore'
[0.399s] Level 1:colcon.colcon_core.package_identification:_identify(/home/admin-7/batch2/ros2_ws/src/build) ignored
[0.399s] Level 1:colcon.colcon_core.package_identification:_identify(/home/admin-7/batch2/ros2_ws/src/install) by extensions ['ignore', 'ignore_ament_install']
[0.400s] Level 1:colcon.colcon_core.package_identification:_identify(/home/admin-7/batch2/ros2_ws/src/install) by extension 'ignore'
[0.400s] Level 1:colcon.colcon_core.package_identification:_identify(/home/admin-7/batch2/ros2_ws/src/install) ignored
[0.400s] Level 1:colcon.colcon_core.package_identification:_identify(/home/admin-7/batch2/ros2_ws/src/log) by extensions ['ignore', 'ignore_ament_install']
[0.400s] Level 1:colcon.colcon_core.package_identification:_identify(/home/admin-7/batch2/ros2_ws/src/log) by extension 'ignore'
[0.400s] Level 1:colcon.colcon_core.package_identification:_identify(/home/admin-7/batch2/ros2_ws/src/log) ignored
[0.400s] Level 1:colcon.colcon_core.package_identification:_identify(/home/admin-7/batch2/ros2_ws/src/robot_controller_sept_3_dk) by extensions ['ignore', 'ignore_ament_install']
[0.400s] Level 1:colcon.colcon_core.package_identification:_identify(/home/admin-7/batch2/ros2_ws/src/robot_controller_sept_3_dk) by extension 'ignore'
[0.400s] Level 1:colcon.colcon_core.package_identification:_identify(/home/admin-7/batch2/ros2_ws/src/robot_controller_sept_3_dk) by extension 'ignore_ament_install'
[0.400s] Level 1:colcon.colcon_core.package_identification:_identify(/home/admin-7/batch2/ros2_ws/src/robot_controller_sept_3_dk) by extensions ['colcon_pkg']
[0.400s] Level 1:colcon.colcon_core.package_identification:_identify(/home/admin-7/batch2/ros2_ws/src/robot_controller_sept_3_dk) by extension 'colcon_pkg'
[0.400s] Level 1:colcon.colcon_core.package_identification:_identify(/home/admin-7/batch2/ros2_ws/src/robot_controller_sept_3_dk) by extensions ['colcon_meta']
[0.400s] Level 1:colcon.colcon_core.package_identification:_identify(/home/admin-7/batch2/ros2_ws/src/robot_controller_sept_3_dk) by extension 'colcon_meta'
[0.400s] Level 1:colcon.colcon_core.package_identification:_identify(/home/admin-7/batch2/ros2_ws/src/robot_controller_sept_3_dk) by extensions ['ros']
[0.400s] Level 1:colcon.colcon_core.package_identification:_identify(/home/admin-7/batch2/ros2_ws/src/robot_controller_sept_3_dk) by extension 'ros'
[0.404s] DEBUG:colcon.colcon_core.package_identification:Package '/home/admin-7/batch2/ros2_ws/src/robot_controller_sept_3_dk' with type 'ros.ament_python' and name 'robot_controller_sept_3_dk'
[0.404s] Level 1:colcon.colcon_core.package_discovery:discover_packages(recursive) using defaults
