running egg_info
writing ../build/robot_controller_sept_3_dk/robot_controller_sept_3_dk.egg-info/PKG-INFO
writing dependency_links to ../build/robot_controller_sept_3_dk/robot_controller_sept_3_dk.egg-info/dependency_links.txt
writing entry points to ../build/robot_controller_sept_3_dk/robot_controller_sept_3_dk.egg-info/entry_points.txt
writing requirements to ../build/robot_controller_sept_3_dk/robot_controller_sept_3_dk.egg-info/requires.txt
writing top-level names to ../build/robot_controller_sept_3_dk/robot_controller_sept_3_dk.egg-info/top_level.txt
reading manifest file '../build/robot_controller_sept_3_dk/robot_controller_sept_3_dk.egg-info/SOURCES.txt'
writing manifest file '../build/robot_controller_sept_3_dk/robot_controller_sept_3_dk.egg-info/SOURCES.txt'
running build
running build_py
copying robot_controller_sept_3_dk/my_first_node.py -> /home/admin-7/batch2/ros2_ws/src/build/robot_controller_sept_3_dk/build/lib/robot_controller_sept_3_dk
running install
running install_lib
copying /home/admin-7/batch2/ros2_ws/src/build/robot_controller_sept_3_dk/build/lib/robot_controller_sept_3_dk/my_first_node.py -> /home/admin-7/batch2/ros2_ws/src/install/robot_controller_sept_3_dk/lib/python3.10/site-packages/robot_controller_sept_3_dk
byte-compiling /home/admin-7/batch2/ros2_ws/src/install/robot_controller_sept_3_dk/lib/python3.10/site-packages/robot_controller_sept_3_dk/my_first_node.py to my_first_node.cpython-310.pyc
running install_data
running install_egg_info
removing '/home/admin-7/batch2/ros2_ws/src/install/robot_controller_sept_3_dk/lib/python3.10/site-packages/robot_controller_sept_3_dk-0.0.0-py3.10.egg-info' (and everything under it)
Copying ../build/robot_controller_sept_3_dk/robot_controller_sept_3_dk.egg-info to /home/admin-7/batch2/ros2_ws/src/install/robot_controller_sept_3_dk/lib/python3.10/site-packages/robot_controller_sept_3_dk-0.0.0-py3.10.egg-info
running install_scripts
Installing Test_node script to /home/admin-7/batch2/ros2_ws/src/install/robot_controller_sept_3_dk/lib/robot_controller_sept_3_dk
writing list of installed files to '/home/admin-7/batch2/ros2_ws/src/build/robot_controller_sept_3_dk/install.log'
